2019-10-24 01:58:30,950 [JavaFX Application Thread] INFO  marytts.main Mary starting up...
2019-10-24 01:58:30,953 [JavaFX Application Thread] INFO  marytts.main Specification version 5.2
2019-10-24 01:58:30,953 [JavaFX Application Thread] INFO  marytts.main Implementation version unknown
2019-10-24 01:58:30,953 [JavaFX Application Thread] INFO  marytts.main Running on a Java 1.8.0_231 implementation by Oracle Corporation, on a Windows 10 platform (x86, 10.0)
2019-10-24 01:58:30,989 [JavaFX Application Thread] INFO  marytts.ModuleRegistry Now initiating mary module 'marytts.modules.Synthesis'
2019-10-24 01:58:30,992 [JavaFX Application Thread] INFO  marytts.ModuleRegistry Now initiating mary module 'marytts.modules.TextToMaryXML'
2019-10-24 01:58:30,992 [JavaFX Application Thread] INFO  marytts.ModuleRegistry Now initiating mary module 'marytts.modules.SableParser'
2019-10-24 01:58:30,993 [JavaFX Application Thread] INFO  marytts.ModuleRegistry Now initiating mary module 'marytts.modules.SSMLParser'
2019-10-24 01:58:30,993 [JavaFX Application Thread] INFO  marytts.ModuleRegistry Now initiating mary module 'marytts.modules.APMLParser'
2019-10-24 01:58:30,994 [JavaFX Application Thread] INFO  marytts.ModuleRegistry Now initiating mary module 'marytts.modules.EmotionmlParser'
2019-10-24 01:58:30,994 [JavaFX Application Thread] INFO  marytts.ModuleRegistry Now initiating mary module 'marytts.modules.JTokeniser'
2019-10-24 01:58:30,994 [JavaFX Application Thread] INFO  marytts.ModuleRegistry Now initiating mary module 'marytts.modules.DummyTokens2Words'
2019-10-24 01:58:30,995 [JavaFX Application Thread] INFO  marytts.ModuleRegistry Now initiating mary module 'marytts.modules.ProsodyGeneric'
2019-10-24 01:58:30,996 [JavaFX Application Thread] INFO  marytts.ModuleRegistry Now initiating mary module 'marytts.modules.PronunciationModel'
2019-10-24 01:58:30,997 [JavaFX Application Thread] INFO  marytts.ModuleRegistry Now initiating mary module 'marytts.modules.TargetFeatureLister'
2019-10-24 01:58:30,997 [JavaFX Application Thread] INFO  marytts.ModuleRegistry Now initiating mary module 'marytts.modules.HalfPhoneTargetFeatureLister'
2019-10-24 01:58:30,998 [JavaFX Application Thread] INFO  marytts.ModuleRegistry Now initiating mary module 'marytts.modules.AcousticModeller'
2019-10-24 01:58:30,999 [JavaFX Application Thread] INFO  marytts.ModuleRegistry Now initiating mary module 'marytts.modules.RealisedAcoustparamsExtractor'
2019-10-24 01:58:30,999 [JavaFX Application Thread] INFO  marytts.ModuleRegistry Now initiating mary module 'marytts.modules.RealisedDurationsExtractor'
2019-10-24 01:58:30,999 [JavaFX Application Thread] INFO  marytts.ModuleRegistry Now initiating mary module 'marytts.modules.HTSEngine'
2019-10-24 01:58:31,000 [JavaFX Application Thread] INFO  marytts.ModuleRegistry Now initiating mary module 'marytts.modules.PraatTextGridGenerator'
2019-10-24 01:58:31,002 [JavaFX Application Thread] INFO  marytts.UnitSelectionSynthesizer started.
2019-10-24 01:58:31,003 [JavaFX Application Thread] INFO  marytts.TargetFeatureLister Module started (ACOUSTPARAMS->TARGETFEATURES, locale null).
2019-10-24 01:58:31,003 [JavaFX Application Thread] INFO  marytts.HTSEngine Module started (TARGETFEATURES->AUDIO, locale null).
2019-10-24 01:58:31,003 [JavaFX Application Thread] INFO  marytts.HMMSynthesizer started.
2019-10-24 01:58:31,003 [JavaFX Application Thread] INFO  marytts.Synthesis Module started (ACOUSTPARAMS->AUDIO, locale null).
2019-10-24 01:58:31,009 [JavaFX Application Thread] INFO  marytts.HMMSynthesizer Starting power-on self test.
2019-10-24 01:58:31,009 [JavaFX Application Thread] INFO  marytts.TextToMaryXML Module started (TEXT->RAWMARYXML, locale null).
2019-10-24 01:58:31,009 [JavaFX Application Thread] INFO  marytts.TextToMaryXML Starting power-on self test.
2019-10-24 01:58:31,013 [JavaFX Application Thread] WARN  marytts.TextToMaryXML Locale is null, overriding with en_US
2019-10-24 01:58:31,014 [JavaFX Application Thread] WARN  marytts.TextToMaryXML Locale is null, overriding with en_US
2019-10-24 01:58:31,014 [JavaFX Application Thread] INFO  marytts.TextToMaryXML Power-on self test complete.
2019-10-24 01:58:31,188 [JavaFX Application Thread] INFO  marytts.SableParser Module started (SABLE->RAWMARYXML, locale null).
2019-10-24 01:58:31,188 [JavaFX Application Thread] INFO  marytts.SableParser Starting power-on self test.
2019-10-24 01:58:31,188 [JavaFX Application Thread] INFO  marytts.SableParser Power-on self test complete.
2019-10-24 01:58:31,222 [JavaFX Application Thread] INFO  marytts.SSMLParser Module started (SSML->RAWMARYXML, locale null).
2019-10-24 01:58:31,222 [JavaFX Application Thread] INFO  marytts.SSMLParser Starting power-on self test.
2019-10-24 01:58:31,223 [JavaFX Application Thread] INFO  marytts.SSMLParser Power-on self test complete.
2019-10-24 01:58:31,250 [JavaFX Application Thread] INFO  marytts.APMLParser Module started (APML->RAWMARYXML, locale null).
2019-10-24 01:58:31,250 [JavaFX Application Thread] INFO  marytts.APMLParser Starting power-on self test.
2019-10-24 01:58:31,250 [JavaFX Application Thread] INFO  marytts.APMLParser Power-on self test complete.
2019-10-24 01:58:31,264 [JavaFX Application Thread] INFO  marytts.EmotionmlParser Module started (EMOTIONML->RAWMARYXML, locale null).
2019-10-24 01:58:31,264 [JavaFX Application Thread] INFO  marytts.EmotionmlParser Starting power-on self test.
2019-10-24 01:58:31,264 [JavaFX Application Thread] INFO  marytts.EmotionmlParser Power-on self test complete.
2019-10-24 01:58:31,264 [JavaFX Application Thread] INFO  marytts.JTokeniser Module started (RAWMARYXML->TOKENS, locale null).
2019-10-24 01:58:31,282 [JavaFX Application Thread] INFO  marytts.JTokeniser Starting power-on self test.
2019-10-24 01:58:31,282 [JavaFX Application Thread] INFO  marytts.JTokeniser Power-on self test complete.
2019-10-24 01:58:31,282 [JavaFX Application Thread] INFO  marytts.DummyTokens2Words Module started (TOKENS->WORDS, locale null).
2019-10-24 01:58:31,282 [JavaFX Application Thread] INFO  marytts.DummyTokens2Words Starting power-on self test.
2019-10-24 01:58:31,282 [JavaFX Application Thread] INFO  marytts.DummyTokens2Words Power-on self test complete.
2019-10-24 01:58:31,288 [JavaFX Application Thread] INFO  marytts.Prosody Module started (PHONEMES->INTONATION, locale null).
2019-10-24 01:58:31,288 [JavaFX Application Thread] INFO  marytts.Prosody Starting power-on self test.
2019-10-24 01:58:31,288 [JavaFX Application Thread] INFO  marytts.Prosody Power-on self test complete.
2019-10-24 01:58:31,288 [JavaFX Application Thread] INFO  marytts.PronunciationModel Module started (INTONATION->ALLOPHONES, locale null).
2019-10-24 01:58:31,288 [JavaFX Application Thread] INFO  marytts.PronunciationModel Starting power-on self test.
2019-10-24 01:58:31,288 [JavaFX Application Thread] INFO  marytts.PronunciationModel Power-on self test complete.
2019-10-24 01:58:31,288 [JavaFX Application Thread] INFO  marytts.TargetFeatureLister Starting power-on self test.
2019-10-24 01:58:31,288 [JavaFX Application Thread] INFO  marytts.TargetFeatureLister Power-on self test complete.
2019-10-24 01:58:31,288 [JavaFX Application Thread] INFO  marytts.TargetFeatureLister Module started (ACOUSTPARAMS->HALFPHONE_TARGETFEATURES, locale null).
2019-10-24 01:58:31,288 [JavaFX Application Thread] INFO  marytts.TargetFeatureLister Starting power-on self test.
2019-10-24 01:58:31,288 [JavaFX Application Thread] INFO  marytts.TargetFeatureLister Power-on self test complete.
2019-10-24 01:58:31,288 [JavaFX Application Thread] INFO  marytts.AcousticModeller Module started (ALLOPHONES->ACOUSTPARAMS, locale null).
2019-10-24 01:58:31,288 [JavaFX Application Thread] INFO  marytts.AcousticModeller Starting power-on self test.
2019-10-24 01:58:31,288 [JavaFX Application Thread] INFO  marytts.AcousticModeller Power-on self test complete.
2019-10-24 01:58:31,288 [JavaFX Application Thread] INFO  marytts.Realised acoustparams extractor Module started (AUDIO->REALISED_ACOUSTPARAMS, locale null).
2019-10-24 01:58:31,288 [JavaFX Application Thread] INFO  marytts.Realised acoustparams extractor Starting power-on self test.
2019-10-24 01:58:31,288 [JavaFX Application Thread] INFO  marytts.Realised acoustparams extractor Power-on self test complete.
2019-10-24 01:58:31,288 [JavaFX Application Thread] INFO  marytts.Realised durations extractor Module started (AUDIO->REALISED_DURATIONS, locale null).
2019-10-24 01:58:31,288 [JavaFX Application Thread] INFO  marytts.Realised durations extractor Starting power-on self test.
2019-10-24 01:58:31,288 [JavaFX Application Thread] INFO  marytts.Realised durations extractor Power-on self test complete.
2019-10-24 01:58:31,288 [JavaFX Application Thread] INFO  marytts.Praat TextGrid generator Module started (REALISED_ACOUSTPARAMS->PRAAT_TEXTGRID, locale null).
2019-10-24 01:58:31,288 [JavaFX Application Thread] INFO  marytts.Praat TextGrid generator Starting power-on self test.
2019-10-24 01:58:31,288 [JavaFX Application Thread] INFO  marytts.Praat TextGrid generator Power-on self test complete.
2019-10-24 01:58:31,289 [JavaFX Application Thread] INFO  marytts.main Startup complete.
